<?xml version="1.0" encoding="UTF-8"?>
<!-- Generated by org.testng.reporters.JUnitXMLReporter -->
<testsuite hostname="rajamama" ignored="0" name="RegressionTest" tests="4" failures="0" timestamp="19 Jun 2022 07:46:00 GMT" time="0.117" errors="0">
  <testcase name="@BeforeMethod beforeMethod" time="0.012" classname="project.RadioButton1">
    <failure type="java.lang.Error" message="Unresolved compilation problem: 
	ExtentManager cannot be resolved
">
      <![CDATA[java.lang.Error: Unresolved compilation problem: 
ExtentManager cannot be resolved

at project.BaseTest.init(BaseTest.java:74)
at project.RadioButton1.beforeMethod(RadioButton1.java:21)
... Removed 28 stack frames]]>
    </failure>
  </testcase> <!-- @BeforeMethod beforeMethod -->
  <testcase name="@AfterMethod afterMethod" time="0.0" classname="project.RadioButton1">
    <skipped/>
  </testcase> <!-- @AfterMethod afterMethod -->
  <testcase name="@BeforeMethod startprocess" time="0.001" classname="project.TNG_001">
    <failure type="java.lang.Error" message="Unresolved compilation problem: 
	ExtentManager cannot be resolved
">
      <![CDATA[java.lang.Error: Unresolved compilation problem: 
ExtentManager cannot be resolved

at project.BaseTest.init(BaseTest.java:74)
at project.TNG_001.startprocess(TNG_001.java:19)
... Removed 28 stack frames]]>
    </failure>
  </testcase> <!-- @BeforeMethod startprocess -->
  <testcase name="@AfterMethod endprocess" time="0.0" classname="project.TNG_001">
    <skipped/>
  </testcase> <!-- @AfterMethod endprocess -->
  <testcase name="@BeforeMethod setup" time="0.001" classname="project.LinksTesting1">
    <failure type="java.lang.Error" message="Unresolved compilation problem: 
	ExtentManager cannot be resolved
">
      <![CDATA[java.lang.Error: Unresolved compilation problem: 
ExtentManager cannot be resolved

at project.BaseTest.init(BaseTest.java:74)
at project.LinksTesting1.setup(LinksTesting1.java:21)
... Removed 28 stack frames]]>
    </failure>
  </testcase> <!-- @BeforeMethod setup -->
  <testcase name="@AfterMethod tearDown" time="0.0" classname="project.LinksTesting1">
    <skipped/>
  </testcase> <!-- @AfterMethod tearDown -->
  <testcase name="@BeforeMethod beforeMethod" time="0.001" classname="project.CheckBox1">
    <failure type="java.lang.Error" message="Unresolved compilation problem: 
	ExtentManager cannot be resolved
">
      <![CDATA[java.lang.Error: Unresolved compilation problem: 
ExtentManager cannot be resolved

at project.BaseTest.init(BaseTest.java:74)
at project.CheckBox1.beforeMethod(CheckBox1.java:22)
... Removed 28 stack frames]]>
    </failure>
  </testcase> <!-- @BeforeMethod beforeMethod -->
  <testcase name="@AfterMethod afterMethod" time="0.0" classname="project.CheckBox1">
    <skipped/>
  </testcase> <!-- @AfterMethod afterMethod -->
  <testcase name="radioButtonTest" time="0.0" classname="project.RadioButton1">
    <skipped/>
  </testcase> <!-- radioButtonTest -->
  <testcase name="amazon" time="0.0" classname="project.TNG_001">
    <skipped/>
  </testcase> <!-- amazon -->
  <testcase name="linktesting1" time="0.0" classname="project.LinksTesting1">
    <skipped/>
  </testcase> <!-- linktesting1 -->
  <testcase name="checkboxTest" time="0.0" classname="project.CheckBox1">
    <skipped/>
  </testcase> <!-- checkboxTest -->
</testsuite> <!-- RegressionTest -->
